<?xml version="1.0" encoding="UTF-8" ?>
<testsuites>
  <testsuite errors="0" failures="0" hostname="banghomax" id="0" name="ProductServiceTests" package="prizypricer" tests="1" time="0.104" timestamp="2014-03-23T02:50:55">
      <properties />

      <testcase classname="prizypricer.ProductServiceTests" name="testGetPrices" time="0.102" />

      <system-out><![CDATA[--Output from testGetPrices--
]]></system-out>

      <system-err><![CDATA[--Output from testGetPrices--
]]></system-err>

  </testsuite>
</testsuites>
